<?xml version="1.0" encoding="UTF-8" ?>
<testsuite tests="1" failures="0" name="runners.RunnerTest" time="6.36" errors="1" skipped="0">
  <properties>
[...]
</properties>
  <testcase classname="Validar pedidos correios" name="Verificar criar pedidos correios" time="6.36">
    <error message="Cannot invoke &quot;java.net.http.HttpResponse.statusCode()&quot; because &quot;response&quot; is null" type="java.lang.NullPointerException">java.lang.NullPointerException: Cannot invoke &quot;java.net.http.HttpResponse.statusCode()&quot; because &quot;response&quot; is null
	at jornadas.generico.actions.GenericoAction.validarStatusCode(GenericoAction.java:12)
	at jornadas.pedidos.steps.PedidosSteps.devo_obter_o_codigo_de_status(PedidosSteps.java:38)
	at ✽.devo obter o codigo de status 200(file:src/test/java/jornadas/correios/features/criar-pedido-correios.feature:8)
</error>
    <system-out>RunnerTest Iniciado
@pedidocorreios
Funcionalidade: Validar pedidos correios

  @pedidocorreiospost
  Esquema do Cenário: Verificar criar pedidos correios # src/test/java/jornadas/correios/features/criar-pedido-correios.feature:6
    Dado que eu acesso a api post pedidos de correios com codigoobjeto &quot;&lt;codigoobjeto&gt;&quot;,largura &quot;&lt;largura&gt;&quot;,comprimento &quot;&lt;comprimento&gt;&quot;, altura &quot;&lt;altura&gt;&quot;, peso &quot;&lt;peso&gt;&quot;, formato &quot;&lt;formato&gt;&quot;e pcd &quot;&lt;pcd&gt;&quot;
    Entao devo obter o codigo de status 200

    Exemplos: 

  @pedidocorreios @pedidocorreiospost
  Esquema do Cenário: Verificar criar pedidos correios                                                                                                         # src/test/java/jornadas/correios/features/criar-pedido-correios.feature:12
    Dado que eu acesso a api post pedidos de correios com codigoobjeto &quot;teste109&quot;,largura &quot;5&quot;,comprimento &quot;5&quot;, altura &quot;5&quot;, peso &quot;1&quot;, formato &quot;pacote&quot;e pcd &quot;N&quot; # PedidoscorreiosSteps.queEuAcessoAApiPostPedidosDeCorreiosComCodigoobjetoLarguraComprimentoAlturaPesoFormatoEPcd(String,String,String,String,String,String,String)
    Entao devo obter o codigo de status 200                                                                                                                    # PedidosSteps.devo_obter_o_codigo_de_status(Integer)
      java.lang.NullPointerException: Cannot invoke &quot;java.net.http.HttpResponse.statusCode()&quot; because &quot;response&quot; is null
	at jornadas.generico.actions.GenericoAction.validarStatusCode(GenericoAction.java:12)
	at jornadas.pedidos.steps.PedidosSteps.devo_obter_o_codigo_de_status(PedidosSteps.java:38)
	at ?.devo obter o codigo de status 200(file:src/test/java/jornadas/correios/features/criar-pedido-correios.feature:8)

</system-out>
  </testcase>
</testsuite>